
Status: FAILED!
Check: 1
Test: Correct variable values printed to screen
Reason: Unable to find '['(125)(?!\\d)', '(28)(?!\\d)', '(\\-25)(?!\\d)', '(42)(?!\\d)']' in the program's output.
The average is: 42
.
Error : AssertionError - Unable to find (125)(?!\d) in the program's output.
Timestamp: 2025-01-23 18:51:34.388508
