
Status: FAILED!
Check: 1
Test: Test case 1
Reason: Unable to find '['pi = 3.25237']' in the program's output.
Enter the value of n: 
pi = 3.2523659347
.
Error : AssertionError - Unable to find pi = 3.25237 in the program's output.
Timestamp: 2025-02-06 23:31:56.640669

Status: PASSED!
Check: 2
Test: Test case 2
Reason: None
Timestamp: 2025-02-06 23:31:56.644836

Status: PASSED!
Check: 3
Test: Test case 3
Reason: None
Timestamp: 2025-02-06 23:31:56.648812
