
Status: FAILED!
Check: 1
Test: Prompt for input and store input in `name` variable
Reason: Unable to find 'cin >> name' in the program.
Error : str - AssertionError
Timestamp: 2025-01-25 21:10:57.699879

Status: FAILED!
Check: 2
Test: Prompt for input and store input in `studyHours` variable
Reason: Unable to find 'cin >> studyHours' in the program.
Error : str - AssertionError
Timestamp: 2025-01-25 21:10:57.700134
