
Status: PASSED!
Check: 1
Test: *iostream* header file included
Reason: #include <iostream> + ` was found in the program.None
Timestamp: 2025-01-25 21:10:57.698627

Status: FAILED!
Check: 2
Test: *string* header file included
Reason: Unable to find '#include <string>' in the program.
Error : str - AssertionError
Timestamp: 2025-01-25 21:10:57.698911
